Front-end/app/build/intermediates/manifest_merge_blame_file/debug/manifest-merger-blame-debug-report.txt
1<?xml version="1.0" encoding="utf-8"?>
2<manifest xmlns:android="http://schemas.android.com/apk/res/android"
3    package="com.example.katundu"
4    android:versionCode="1"
5    android:versionName="1.0" >
6
7    <uses-sdk
8        android:minSdkVersion="21"
8-->src/main/AndroidManifest.xml
9        android:targetSdkVersion="29" />
9-->src/main/AndroidManifest.xml
10
11    <uses-permission android:name="android.permission.CAMERA" />
11-->src/main/AndroidManifest.xml:6:5-65
11-->src/main/AndroidManifest.xml:6:22-62
12    <uses-permission android:name="android.permission.WRITE_EXTERNAL_STORAGE" />
12-->src/main/AndroidManifest.xml:7:5-81
12-->src/main/AndroidManifest.xml:7:22-78
13    <uses-permission android:name="android.permission.INTERNET" />
13-->src/main/AndroidManifest.xml:8:5-67
13-->src/main/AndroidManifest.xml:8:22-64
14    <uses-permission android:name="android.permission.ACCESS_NETWORK_STATE" />
14-->src/main/AndroidManifest.xml:9:5-79
14-->src/main/AndroidManifest.xml:9:22-76
15    <uses-permission android:name="android.permission.WAKE_LOCK" /> <!-- Required by older versions of Google Play services to create IID tokens -->
15-->[com.google.android.gms:play-services-measurement-api:17.2.3] AndroidManifest.xml:24:5-68
15-->[com.google.android.gms:play-services-measurement-api:17.2.3] AndroidManifest.xml:24:22-65
16    <uses-permission android:name="com.google.android.c2dm.permission.RECEIVE" />
16-->[com.google.firebase:firebase-iid:20.0.2] AndroidManifest.xml:26:5-82
16-->[com.google.firebase:firebase-iid:20.0.2] AndroidManifest.xml:26:22-79
17    <uses-permission android:name="com.google.android.finsky.permission.BIND_GET_INSTALL_REFERRER_SERVICE" />
17-->[com.google.android.gms:play-services-measurement:17.2.3] AndroidManifest.xml:26:5-110
17-->[com.google.android.gms:play-services-measurement:17.2.3] AndroidManifest.xml:26:22-107
18
19    <application
19-->src/main/AndroidManifest.xml:11:5-84:19
20        android:allowBackup="true"
20-->src/main/AndroidManifest.xml:12:9-35
21        android:appComponentFactory="androidx.core.app.CoreComponentFactory"
21-->[androidx.core:core:1.1.0] AndroidManifest.xml:24:18-86
22        android:configChanges="orientation"
22-->src/main/AndroidManifest.xml:13:9-44
23        android:debuggable="true"
24        android:icon="@drawable/logo_katundu"
24-->src/main/AndroidManifest.xml:14:9-46
25        android:label="@string/app_name"
25-->src/main/AndroidManifest.xml:15:9-41
26        android:roundIcon="@drawable/logo_katundu"
26-->src/main/AndroidManifest.xml:16:9-51
27        android:screenOrientation="portrait"
27-->src/main/AndroidManifest.xml:17:9-45
28        android:supportsRtl="true"
28-->src/main/AndroidManifest.xml:18:9-35
29        android:testOnly="true"
30        android:theme="@style/AppTheme" >
30-->src/main/AndroidManifest.xml:19:9-40
31        <activity android:name="com.example.katundu.ui.logged.EditarIdioma" />
31-->src/main/AndroidManifest.xml:21:9-69
31-->src/main/AndroidManifest.xml:21:19-57
32        <activity
32-->src/main/AndroidManifest.xml:22:9-25:56
33            android:name="com.example.katundu.ui.logged.EditWish"
33-->src/main/AndroidManifest.xml:23:13-47
34            android:screenOrientation="portrait" />
34-->src/main/AndroidManifest.xml:24:13-49
35        <activity
35-->src/main/AndroidManifest.xml:26:9-29:56
36            android:name="com.example.katundu.ui.logged.ListWish"
36-->src/main/AndroidManifest.xml:27:13-47
37            android:screenOrientation="portrait" />
37-->src/main/AndroidManifest.xml:28:13-49
38        <activity
38-->src/main/AndroidManifest.xml:30:9-33:56
39            android:name="com.example.katundu.ui.logged.AddWish"
39-->src/main/AndroidManifest.xml:31:13-46
40            android:screenOrientation="portrait" />
40-->src/main/AndroidManifest.xml:32:13-49
41        <activity
41-->src/main/AndroidManifest.xml:34:9-37:56
42            android:name="com.example.katundu.ui.logged.Add"
42-->src/main/AndroidManifest.xml:35:13-42
43            android:screenOrientation="portrait" />
43-->src/main/AndroidManifest.xml:36:13-49
44        <activity
44-->src/main/AndroidManifest.xml:38:9-41:56
45            android:name="com.example.katundu.ui.logged.PreviewFoto"
45-->src/main/AndroidManifest.xml:39:13-50
46            android:screenOrientation="portrait" />
46-->src/main/AndroidManifest.xml:40:13-49
47        <activity
47-->src/main/AndroidManifest.xml:42:9-45:56
48            android:name="com.example.katundu.ui.logged.AddProduct"
48-->src/main/AndroidManifest.xml:43:13-49
49            android:screenOrientation="portrait" />
49-->src/main/AndroidManifest.xml:44:13-49
50        <activity
50-->src/main/AndroidManifest.xml:46:9-49:56
51            android:name="com.example.katundu.ui.logged.DeleteAccount"
51-->src/main/AndroidManifest.xml:47:13-52
52            android:screenOrientation="portrait" />
52-->src/main/AndroidManifest.xml:48:13-49
53        <activity
53-->src/main/AndroidManifest.xml:50:9-53:56
54            android:name="com.example.katundu.ui.logged.Ajustes"
54-->src/main/AndroidManifest.xml:51:13-46
55            android:screenOrientation="portrait" />
55-->src/main/AndroidManifest.xml:52:13-49
56        <activity
56-->src/main/AndroidManifest.xml:54:9-58:56
57            android:name="com.example.katundu.ui.logged.MenuPrincipal"
57-->src/main/AndroidManifest.xml:55:13-52
58            android:label="@string/title_activity_menu_principal"
58-->src/main/AndroidManifest.xml:56:13-66
59            android:screenOrientation="portrait" />
59-->src/main/AndroidManifest.xml:57:13-49
60        <activity
60-->src/main/AndroidManifest.xml:59:9-64:56
61            android:name="com.example.katundu.ui.login.RegisterActivity"
61-->src/main/AndroidManifest.xml:60:13-54
62            android:label="@string/title_activity_register"
62-->src/main/AndroidManifest.xml:61:13-60
63            android:parentActivityName="com.example.katundu.ui.login.LoginActivity"
63-->src/main/AndroidManifest.xml:62:13-65
64            android:screenOrientation="portrait" />
64-->src/main/AndroidManifest.xml:63:13-49
65        <activity
65-->src/main/AndroidManifest.xml:65:9-75:20
66            android:name="com.example.katundu.ui.login.LoginActivity"
66-->src/main/AndroidManifest.xml:66:13-51
67            android:label="@string/app_name"
67-->src/main/AndroidManifest.xml:67:13-45
68            android:screenOrientation="portrait" >
68-->src/main/AndroidManifest.xml:68:13-49
69            <intent-filter>
69-->src/main/AndroidManifest.xml:70:13-74:29
70                <action android:name="android.intent.action.MAIN" />
70-->src/main/AndroidManifest.xml:71:17-69
70-->src/main/AndroidManifest.xml:71:25-66
71
72                <category android:name="android.intent.category.LAUNCHER" />
72-->src/main/AndroidManifest.xml:73:17-77
72-->src/main/AndroidManifest.xml:73:27-74
73            </intent-filter>
74        </activity>
75        <activity
75-->src/main/AndroidManifest.xml:76:9-79:56
76            android:name="com.example.katundu.ui.logged.User"
76-->src/main/AndroidManifest.xml:77:13-43
77            android:screenOrientation="portrait" />
77-->src/main/AndroidManifest.xml:78:13-49
78        <activity
78-->src/main/AndroidManifest.xml:80:9-83:56
79            android:name="com.example.katundu.ui.logged.EditarPerfil"
79-->src/main/AndroidManifest.xml:81:13-51
80            android:screenOrientation="portrait" />
80-->src/main/AndroidManifest.xml:82:13-49
81        <activity
81-->[com.google.firebase:firebase-auth:19.3.0] AndroidManifest.xml:24:9-31:50
82            android:name="com.google.firebase.auth.internal.FederatedSignInActivity"
82-->[com.google.firebase:firebase-auth:19.3.0] AndroidManifest.xml:25:13-85
83            android:excludeFromRecents="true"
83-->[com.google.firebase:firebase-auth:19.3.0] AndroidManifest.xml:26:13-46
84            android:exported="true"
84-->[com.google.firebase:firebase-auth:19.3.0] AndroidManifest.xml:27:13-36
85            android:launchMode="singleTask"
85-->[com.google.firebase:firebase-auth:19.3.0] AndroidManifest.xml:28:13-44
86            android:permission="com.google.firebase.auth.api.gms.permission.LAUNCH_FEDERATED_SIGN_IN"
86-->[com.google.firebase:firebase-auth:19.3.0] AndroidManifest.xml:29:13-102
87            android:theme="@android:style/Theme.Translucent.NoTitleBar" />
87-->[com.google.firebase:firebase-auth:19.3.0] AndroidManifest.xml:30:13-72
88
89        <service
89-->[com.google.firebase:firebase-auth:19.3.0] AndroidManifest.xml:33:9-39:19
90            android:name="com.google.firebase.components.ComponentDiscoveryService"
90-->[com.google.firebase:firebase-auth:19.3.0] AndroidManifest.xml:34:13-84
91            android:directBootAware="true"
91-->[com.google.firebase:firebase-common:19.3.0] AndroidManifest.xml:34:13-43
92            android:exported="false" >
92-->[com.google.firebase:firebase-auth:19.3.0] AndroidManifest.xml:35:13-37
93            <meta-data
93-->[com.google.firebase:firebase-auth:19.3.0] AndroidManifest.xml:36:13-38:85
94                android:name="com.google.firebase.components:com.google.firebase.auth.FirebaseAuthRegistrar"
94-->[com.google.firebase:firebase-auth:19.3.0] AndroidManifest.xml:37:17-109
95                android:value="com.google.firebase.components.ComponentRegistrar" />
95-->[com.google.firebase:firebase-auth:19.3.0] AndroidManifest.xml:38:17-82
96            <meta-data
96-->[com.google.android.gms:play-services-measurement-api:17.2.3] AndroidManifest.xml:30:13-32:85
97                android:name="com.google.firebase.components:com.google.firebase.analytics.connector.internal.AnalyticsConnectorRegistrar"
97-->[com.google.android.gms:play-services-measurement-api:17.2.3] AndroidManifest.xml:31:17-139
98                android:value="com.google.firebase.components.ComponentRegistrar" />
98-->[com.google.android.gms:play-services-measurement-api:17.2.3] AndroidManifest.xml:32:17-82
99            <meta-data
99-->[com.google.firebase:firebase-iid:20.0.2] AndroidManifest.xml:32:13-34:85
100                android:name="com.google.firebase.components:com.google.firebase.iid.Registrar"
100-->[com.google.firebase:firebase-iid:20.0.2] AndroidManifest.xml:33:17-96
101                android:value="com.google.firebase.components.ComponentRegistrar" />
101-->[com.google.firebase:firebase-iid:20.0.2] AndroidManifest.xml:34:17-82
102        </service>
103
104        <receiver
104-->[com.google.firebase:firebase-iid:20.0.2] AndroidManifest.xml:37:9-44:20
105            android:name="com.google.firebase.iid.FirebaseInstanceIdReceiver"
105-->[com.google.firebase:firebase-iid:20.0.2] AndroidManifest.xml:38:13-78
106            android:exported="true"
106-->[com.google.firebase:firebase-iid:20.0.2] AndroidManifest.xml:39:13-36
107            android:permission="com.google.android.c2dm.permission.SEND" >
107-->[com.google.firebase:firebase-iid:20.0.2] AndroidManifest.xml:40:13-73
108            <intent-filter>
108-->[com.google.firebase:firebase-iid:20.0.2] AndroidManifest.xml:41:13-43:29
109                <action android:name="com.google.android.c2dm.intent.RECEIVE" />
109-->[com.google.firebase:firebase-iid:20.0.2] AndroidManifest.xml:42:17-81
109-->[com.google.firebase:firebase-iid:20.0.2] AndroidManifest.xml:42:25-78
110            </intent-filter>
111        </receiver>
112
113        <activity
113-->[com.google.android.gms:play-services-base:17.1.0] AndroidManifest.xml:23:9-26:75
114            android:name="com.google.android.gms.common.api.GoogleApiActivity"
114-->[com.google.android.gms:play-services-base:17.1.0] AndroidManifest.xml:24:13-79
115            android:exported="false"
115-->[com.google.android.gms:play-services-base:17.1.0] AndroidManifest.xml:25:13-37
116            android:theme="@android:style/Theme.Translucent.NoTitleBar" />
116-->[com.google.android.gms:play-services-base:17.1.0] AndroidManifest.xml:26:13-72
117
118        <receiver
118-->[com.google.android.gms:play-services-measurement:17.2.3] AndroidManifest.xml:29:9-33:20
119            android:name="com.google.android.gms.measurement.AppMeasurementReceiver"
119-->[com.google.android.gms:play-services-measurement:17.2.3] AndroidManifest.xml:30:13-85
120            android:enabled="true"
120-->[com.google.android.gms:play-services-measurement:17.2.3] AndroidManifest.xml:31:13-35
121            android:exported="false" >
121-->[com.google.android.gms:play-services-measurement:17.2.3] AndroidManifest.xml:32:13-37
122        </receiver>
123        <receiver
123-->[com.google.android.gms:play-services-measurement:17.2.3] AndroidManifest.xml:34:9-42:20
124            android:name="com.google.android.gms.measurement.AppMeasurementInstallReferrerReceiver"
124-->[com.google.android.gms:play-services-measurement:17.2.3] AndroidManifest.xml:35:13-100
125            android:enabled="true"
125-->[com.google.android.gms:play-services-measurement:17.2.3] AndroidManifest.xml:36:13-35
126            android:exported="true"
126-->[com.google.android.gms:play-services-measurement:17.2.3] AndroidManifest.xml:37:13-36
127            android:permission="android.permission.INSTALL_PACKAGES" >
127-->[com.google.android.gms:play-services-measurement:17.2.3] AndroidManifest.xml:38:13-69
128            <intent-filter>
128-->[com.google.android.gms:play-services-measurement:17.2.3] AndroidManifest.xml:39:13-41:29
129                <action android:name="com.android.vending.INSTALL_REFERRER" />
129-->[com.google.android.gms:play-services-measurement:17.2.3] AndroidManifest.xml:40:17-79
129-->[com.google.android.gms:play-services-measurement:17.2.3] AndroidManifest.xml:40:25-76
130            </intent-filter>
131        </receiver>
132
133        <service
133-->[com.google.android.gms:play-services-measurement:17.2.3] AndroidManifest.xml:44:9-47:40
134            android:name="com.google.android.gms.measurement.AppMeasurementService"
134-->[com.google.android.gms:play-services-measurement:17.2.3] AndroidManifest.xml:45:13-84
135            android:enabled="true"
135-->[com.google.android.gms:play-services-measurement:17.2.3] AndroidManifest.xml:46:13-35
136            android:exported="false" />
136-->[com.google.android.gms:play-services-measurement:17.2.3] AndroidManifest.xml:47:13-37
137        <service
137-->[com.google.android.gms:play-services-measurement:17.2.3] AndroidManifest.xml:48:9-52:72
138            android:name="com.google.android.gms.measurement.AppMeasurementJobService"
138-->[com.google.android.gms:play-services-measurement:17.2.3] AndroidManifest.xml:49:13-87
139            android:enabled="true"
139-->[com.google.android.gms:play-services-measurement:17.2.3] AndroidManifest.xml:50:13-35
140            android:exported="false"
140-->[com.google.android.gms:play-services-measurement:17.2.3] AndroidManifest.xml:51:13-37
141            android:permission="android.permission.BIND_JOB_SERVICE" />
141-->[com.google.android.gms:play-services-measurement:17.2.3] AndroidManifest.xml:52:13-69
142
143        <provider
143-->[com.google.firebase:firebase-common:19.3.0] AndroidManifest.xml:26:9-30:39
144            android:name="com.google.firebase.provider.FirebaseInitProvider"
144-->[com.google.firebase:firebase-common:19.3.0] AndroidManifest.xml:27:13-77
145            android:authorities="com.example.katundu.firebaseinitprovider"
145-->[com.google.firebase:firebase-common:19.3.0] AndroidManifest.xml:28:13-72
146            android:exported="false"
146-->[com.google.firebase:firebase-common:19.3.0] AndroidManifest.xml:29:13-37
147            android:initOrder="100" />
147-->[com.google.firebase:firebase-common:19.3.0] AndroidManifest.xml:30:13-36
148
149        <meta-data
149-->[com.google.android.gms:play-services-basement:17.0.0] AndroidManifest.xml:23:9-25:69
150            android:name="com.google.android.gms.version"
150-->[com.google.android.gms:play-services-basement:17.0.0] AndroidManifest.xml:24:13-58
151            android:value="@integer/google_play_services_version" />
151-->[com.google.android.gms:play-services-basement:17.0.0] AndroidManifest.xml:25:13-66
152
153        <provider
153-->[androidx.lifecycle:lifecycle-process:2.2.0] AndroidManifest.xml:25:9-29:43
154            android:name="androidx.lifecycle.ProcessLifecycleOwnerInitializer"
154-->[androidx.lifecycle:lifecycle-process:2.2.0] AndroidManifest.xml:26:13-79
155            android:authorities="com.example.katundu.lifecycle-process"
155-->[androidx.lifecycle:lifecycle-process:2.2.0] AndroidManifest.xml:27:13-69
156            android:exported="false"
156-->[androidx.lifecycle:lifecycle-process:2.2.0] AndroidManifest.xml:28:13-37
157            android:multiprocess="true" />
157-->[androidx.lifecycle:lifecycle-process:2.2.0] AndroidManifest.xml:29:13-40
158    </application>
159
160</manifest>